android/app/build/intermediates/manifest_merge_blame_file/release/manifest-merger-blame-release-report.txt
1<?xml version="1.0" encoding="utf-8"?>
2<manifest xmlns:android="http://schemas.android.com/apk/res/android"
3    package="com.nuvoco.vriddhi"
4    android:versionCode="60203"
5    android:versionName="6.2.3" >
6
7    <uses-sdk
8        android:minSdkVersion="24"
9        android:targetSdkVersion="34" />
10
11    <uses-permission android:name="android.permission.INTERNET" />
11-->src/main/AndroidManifest.xml:3:5-67
11-->src/main/AndroidManifest.xml:3:22-64
12    <uses-permission android:name="android.permission.ACCESS_FINE_LOCATION" />
12-->src/main/AndroidManifest.xml:5:5-79
12-->src/main/AndroidManifest.xml:5:22-76
13    <uses-permission android:name="android.permission.POST_NOTIFICATION" />
13-->src/main/AndroidManifest.xml:7:5-75
13-->src/main/AndroidManifest.xml:7:22-73
14    <uses-permission android:name="android.permission.VIBRATE" />
14-->src/main/AndroidManifest.xml:9:5-66
14-->src/main/AndroidManifest.xml:9:22-63
15    <uses-permission android:name="android.permission.RECEIVE_BOOT_COMPLETED" />
15-->src/main/AndroidManifest.xml:10:5-80
15-->src/main/AndroidManifest.xml:10:22-78
16    <uses-permission android:name="android.permission.WAKE_LOCK" />
16-->[:react-native-firebase_messaging] AndroidManifest.xml:8:5-68
16-->[:react-native-firebase_messaging] AndroidManifest.xml:8:22-65
17    <uses-permission android:name="android.permission.ACCESS_NETWORK_STATE" /> <!-- Required to check whether Wi-Fi is enabled -->
17-->[:react-native-firebase_messaging] AndroidManifest.xml:9:5-79
17-->[:react-native-firebase_messaging] AndroidManifest.xml:9:22-76
18    <uses-permission android:name="android.permission.ACCESS_WIFI_STATE" /> <!-- Required to read and write the expansion files on shared storage -->
18-->[:react-native-blob-util] AndroidManifest.xml:23:5-76
18-->[:react-native-blob-util] AndroidManifest.xml:23:22-73
19    <uses-permission android:name="android.permission.WRITE_EXTERNAL_STORAGE" /> <!-- Required to read and write the expansion files on shared storage for Android 11 -->
19-->[:react-native-blob-util] AndroidManifest.xml:26:5-81
19-->[:react-native-blob-util] AndroidManifest.xml:26:22-78
20    <uses-permission android:name="android.permission.READ_EXTERNAL_STORAGE" /> <!-- Required to to download files without a notification -->
20-->[:react-native-blob-util] AndroidManifest.xml:29:5-80
20-->[:react-native-blob-util] AndroidManifest.xml:29:22-77
21    <uses-permission android:name="android.permission.DOWNLOAD_WITHOUT_NOTIFICATION" />
21-->[:react-native-blob-util] AndroidManifest.xml:32:5-88
21-->[:react-native-blob-util] AndroidManifest.xml:32:22-85
22    <uses-permission android:name="android.permission.POST_NOTIFICATIONS" /> <!-- Required by older versions of Google Play services to create IID tokens -->
22-->[com.google.firebase:firebase-messaging:24.0.1] AndroidManifest.xml:23:5-77
22-->[com.google.firebase:firebase-messaging:24.0.1] AndroidManifest.xml:23:22-74
23    <uses-permission android:name="com.google.android.c2dm.permission.RECEIVE" />
23-->[com.google.firebase:firebase-messaging:24.0.1] AndroidManifest.xml:26:5-82
23-->[com.google.firebase:firebase-messaging:24.0.1] AndroidManifest.xml:26:22-79
24
25    <permission
25-->[androidx.core:core:1.13.1] AndroidManifest.xml:22:5-24:47
26        android:name="com.nuvoco.vriddhi.DYNAMIC_RECEIVER_NOT_EXPORTED_PERMISSION"
26-->[androidx.core:core:1.13.1] AndroidManifest.xml:23:9-81
27        android:protectionLevel="signature" />
27-->[androidx.core:core:1.13.1] AndroidManifest.xml:24:9-44
28
29    <uses-permission android:name="com.nuvoco.vriddhi.DYNAMIC_RECEIVER_NOT_EXPORTED_PERMISSION" /> <!-- for android -->
29-->[androidx.core:core:1.13.1] AndroidManifest.xml:26:5-97
29-->[androidx.core:core:1.13.1] AndroidManifest.xml:26:22-94
30    <!-- <uses-permission android:name="com.android.launcher.permission.READ_SETTINGS"/> -->
31    <!-- <uses-permission android:name="com.android.launcher.permission.WRITE_SETTINGS"/> -->
32    <!-- <uses-permission android:name="com.android.launcher.permission.INSTALL_SHORTCUT" /> -->
33    <!-- <uses-permission android:name="com.android.launcher.permission.UNINSTALL_SHORTCUT" /> -->
34    <!-- for Samsung -->
35    <uses-permission android:name="com.sec.android.provider.badge.permission.READ" />
35-->[me.leolin:ShortcutBadger:1.1.22] AndroidManifest.xml:19:5-86
35-->[me.leolin:ShortcutBadger:1.1.22] AndroidManifest.xml:19:22-83
36    <uses-permission android:name="com.sec.android.provider.badge.permission.WRITE" /> <!-- for htc -->
36-->[me.leolin:ShortcutBadger:1.1.22] AndroidManifest.xml:20:5-87
36-->[me.leolin:ShortcutBadger:1.1.22] AndroidManifest.xml:20:22-84
37    <uses-permission android:name="com.htc.launcher.permission.READ_SETTINGS" />
37-->[me.leolin:ShortcutBadger:1.1.22] AndroidManifest.xml:23:5-81
37-->[me.leolin:ShortcutBadger:1.1.22] AndroidManifest.xml:23:22-78
38    <uses-permission android:name="com.htc.launcher.permission.UPDATE_SHORTCUT" /> <!-- for sony -->
38-->[me.leolin:ShortcutBadger:1.1.22] AndroidManifest.xml:24:5-83
38-->[me.leolin:ShortcutBadger:1.1.22] AndroidManifest.xml:24:22-80
39    <uses-permission android:name="com.sonyericsson.home.permission.BROADCAST_BADGE" />
39-->[me.leolin:ShortcutBadger:1.1.22] AndroidManifest.xml:27:5-88
39-->[me.leolin:ShortcutBadger:1.1.22] AndroidManifest.xml:27:22-85
40    <uses-permission android:name="com.sonymobile.home.permission.PROVIDER_INSERT_BADGE" /> <!-- for apex -->
40-->[me.leolin:ShortcutBadger:1.1.22] AndroidManifest.xml:28:5-92
40-->[me.leolin:ShortcutBadger:1.1.22] AndroidManifest.xml:28:22-89
41    <uses-permission android:name="com.anddoes.launcher.permission.UPDATE_COUNT" /> <!-- for solid -->
41-->[me.leolin:ShortcutBadger:1.1.22] AndroidManifest.xml:31:5-84
41-->[me.leolin:ShortcutBadger:1.1.22] AndroidManifest.xml:31:22-81
42    <uses-permission android:name="com.majeur.launcher.permission.UPDATE_BADGE" /> <!-- for huawei -->
42-->[me.leolin:ShortcutBadger:1.1.22] AndroidManifest.xml:34:5-83
42-->[me.leolin:ShortcutBadger:1.1.22] AndroidManifest.xml:34:22-80
43    <uses-permission android:name="com.huawei.android.launcher.permission.CHANGE_BADGE" />
43-->[me.leolin:ShortcutBadger:1.1.22] AndroidManifest.xml:37:5-91
43-->[me.leolin:ShortcutBadger:1.1.22] AndroidManifest.xml:37:22-88
44    <uses-permission android:name="com.huawei.android.launcher.permission.READ_SETTINGS" />
44-->[me.leolin:ShortcutBadger:1.1.22] AndroidManifest.xml:38:5-92
44-->[me.leolin:ShortcutBadger:1.1.22] AndroidManifest.xml:38:22-89
45    <uses-permission android:name="com.huawei.android.launcher.permission.WRITE_SETTINGS" /> <!-- for ZUK -->
45-->[me.leolin:ShortcutBadger:1.1.22] AndroidManifest.xml:39:5-93
45-->[me.leolin:ShortcutBadger:1.1.22] AndroidManifest.xml:39:22-90
46    <uses-permission android:name="android.permission.READ_APP_BADGE" /> <!-- for OPPO -->
46-->[me.leolin:ShortcutBadger:1.1.22] AndroidManifest.xml:42:5-73
46-->[me.leolin:ShortcutBadger:1.1.22] AndroidManifest.xml:42:22-70
47    <uses-permission android:name="com.oppo.launcher.permission.READ_SETTINGS" />
47-->[me.leolin:ShortcutBadger:1.1.22] AndroidManifest.xml:45:5-82
47-->[me.leolin:ShortcutBadger:1.1.22] AndroidManifest.xml:45:22-79
48    <uses-permission android:name="com.oppo.launcher.permission.WRITE_SETTINGS" /> <!-- for EvMe -->
48-->[me.leolin:ShortcutBadger:1.1.22] AndroidManifest.xml:46:5-83
48-->[me.leolin:ShortcutBadger:1.1.22] AndroidManifest.xml:46:22-80
49    <uses-permission android:name="me.everything.badger.permission.BADGE_COUNT_READ" />
49-->[me.leolin:ShortcutBadger:1.1.22] AndroidManifest.xml:49:5-88
49-->[me.leolin:ShortcutBadger:1.1.22] AndroidManifest.xml:49:22-85
50    <uses-permission android:name="me.everything.badger.permission.BADGE_COUNT_WRITE" />
50-->[me.leolin:ShortcutBadger:1.1.22] AndroidManifest.xml:50:5-89
50-->[me.leolin:ShortcutBadger:1.1.22] AndroidManifest.xml:50:22-86
51
52    <application
52-->src/main/AndroidManifest.xml:12:5-58:19
53        android:name="com.nuvoco.vriddhi.MainApplication"
53-->src/main/AndroidManifest.xml:13:7-38
54        android:allowBackup="false"
54-->src/main/AndroidManifest.xml:17:7-34
55        android:appComponentFactory="androidx.core.app.CoreComponentFactory"
55-->[androidx.core:core:1.13.1] AndroidManifest.xml:28:18-86
56        android:extractNativeLibs="false"
57        android:icon="@mipmap/ic_launcher"
57-->src/main/AndroidManifest.xml:15:7-41
58        android:label="@string/app_name"
58-->src/main/AndroidManifest.xml:14:7-39
59        android:roundIcon="@mipmap/ic_launcher_round"
59-->src/main/AndroidManifest.xml:16:7-52
60        android:theme="@style/AppTheme" >
60-->src/main/AndroidManifest.xml:18:7-38
61        <activity
61-->src/main/AndroidManifest.xml:19:7-30:18
62            android:name="com.nuvoco.vriddhi.MainActivity"
62-->src/main/AndroidManifest.xml:20:9-37
63            android:configChanges="keyboard|keyboardHidden|orientation|screenLayout|screenSize|smallestScreenSize|uiMode"
63-->src/main/AndroidManifest.xml:22:9-118
64            android:exported="true"
64-->src/main/AndroidManifest.xml:25:9-32
65            android:label="@string/app_name"
65-->src/main/AndroidManifest.xml:21:9-41
66            android:launchMode="singleTask"
66-->src/main/AndroidManifest.xml:23:9-40
67            android:windowSoftInputMode="adjustResize" >
67-->src/main/AndroidManifest.xml:24:9-51
68            <intent-filter>
68-->src/main/AndroidManifest.xml:26:9-29:25
69                <action android:name="android.intent.action.MAIN" />
69-->src/main/AndroidManifest.xml:27:13-65
69-->src/main/AndroidManifest.xml:27:21-62
70
71                <category android:name="android.intent.category.LAUNCHER" />
71-->src/main/AndroidManifest.xml:28:13-73
71-->src/main/AndroidManifest.xml:28:23-70
72            </intent-filter>
73        </activity>
74
75        <meta-data
75-->src/main/AndroidManifest.xml:32:7-134
76            android:name="com.google.firebase.messaging.default_notification_icon"
76-->src/main/AndroidManifest.xml:32:18-88
77            android:resource="@mipmap/ic_notification" />
77-->src/main/AndroidManifest.xml:32:89-131
78        <meta-data
78-->src/main/AndroidManifest.xml:34:7-134
79            android:name="com.dieam.reactnativepushnotification.notification_icon"
79-->src/main/AndroidManifest.xml:34:18-88
80            android:resource="@mipmap/ic_notification" />
80-->src/main/AndroidManifest.xml:34:89-131
81
82        <!-- Change the value to true to enable pop-up for in foreground on receiving remote notifications (for prevent duplicating while showing local notifications set this to false) -->
83        <meta-data
83-->src/main/AndroidManifest.xml:37:9-38:43
84            android:name="com.dieam.reactnativepushnotification.notification_foreground"
84-->src/main/AndroidManifest.xml:37:21-97
85            android:value="true" />
85-->src/main/AndroidManifest.xml:38:21-41
86
87        <receiver android:name="com.dieam.reactnativepushnotification.modules.RNPushNotificationActions" />
87-->src/main/AndroidManifest.xml:40:9-108
87-->src/main/AndroidManifest.xml:40:19-105
88        <receiver android:name="com.dieam.reactnativepushnotification.modules.RNPushNotificationPublisher" />
88-->src/main/AndroidManifest.xml:41:9-110
88-->src/main/AndroidManifest.xml:41:19-107
89        <receiver
89-->src/main/AndroidManifest.xml:42:9-48:20
90            android:name="com.dieam.reactnativepushnotification.modules.RNPushNotificationBootEventReceiver"
90-->src/main/AndroidManifest.xml:42:44-140
91            android:exported="false" >
91-->src/main/AndroidManifest.xml:42:19-43
92            <intent-filter>
92-->src/main/AndroidManifest.xml:43:13-47:29
93                <action android:name="android.intent.action.BOOT_COMPLETED" />
93-->src/main/AndroidManifest.xml:44:17-79
93-->src/main/AndroidManifest.xml:44:25-76
94                <action android:name="android.intent.action.QUICKBOOT_POWERON" />
94-->src/main/AndroidManifest.xml:45:17-82
94-->src/main/AndroidManifest.xml:45:25-79
95                <action android:name="com.htc.intent.action.QUICKBOOT_POWERON" />
95-->src/main/AndroidManifest.xml:46:17-81
95-->src/main/AndroidManifest.xml:46:25-79
96            </intent-filter>
97        </receiver>
98
99        <service
99-->src/main/AndroidManifest.xml:50:9-56:19
100            android:name="com.dieam.reactnativepushnotification.modules.RNPushNotificationListenerService"
100-->src/main/AndroidManifest.xml:51:13-107
101            android:exported="false" >
101-->src/main/AndroidManifest.xml:52:13-37
102            <intent-filter>
102-->src/main/AndroidManifest.xml:53:13-55:29
103                <action android:name="com.google.firebase.MESSAGING_EVENT" />
103-->src/main/AndroidManifest.xml:54:17-78
103-->src/main/AndroidManifest.xml:54:25-75
104            </intent-filter>
105        </service>
106        <service
106-->[:react-native-firebase_messaging] AndroidManifest.xml:12:9-14:40
107            android:name="io.invertase.firebase.messaging.ReactNativeFirebaseMessagingHeadlessService"
107-->[:react-native-firebase_messaging] AndroidManifest.xml:13:13-103
108            android:exported="false" />
108-->[:react-native-firebase_messaging] AndroidManifest.xml:14:13-37
109        <service
109-->[:react-native-firebase_messaging] AndroidManifest.xml:15:9-21:19
110            android:name="io.invertase.firebase.messaging.ReactNativeFirebaseMessagingService"
110-->[:react-native-firebase_messaging] AndroidManifest.xml:16:13-95
111            android:exported="false" >
111-->[:react-native-firebase_messaging] AndroidManifest.xml:17:13-37
112            <intent-filter>
112-->src/main/AndroidManifest.xml:53:13-55:29
113                <action android:name="com.google.firebase.MESSAGING_EVENT" />
113-->src/main/AndroidManifest.xml:54:17-78
113-->src/main/AndroidManifest.xml:54:25-75
114            </intent-filter>
115        </service>
116
117        <receiver
117-->[:react-native-firebase_messaging] AndroidManifest.xml:23:9-30:20
118            android:name="io.invertase.firebase.messaging.ReactNativeFirebaseMessagingReceiver"
118-->[:react-native-firebase_messaging] AndroidManifest.xml:24:13-96
119            android:exported="true"
119-->[:react-native-firebase_messaging] AndroidManifest.xml:25:13-36
120            android:permission="com.google.android.c2dm.permission.SEND" >
120-->[:react-native-firebase_messaging] AndroidManifest.xml:26:13-73
121            <intent-filter>
121-->[:react-native-firebase_messaging] AndroidManifest.xml:27:13-29:29
122                <action android:name="com.google.android.c2dm.intent.RECEIVE" />
122-->[:react-native-firebase_messaging] AndroidManifest.xml:28:17-81
122-->[:react-native-firebase_messaging] AndroidManifest.xml:28:25-78
123            </intent-filter>
124        </receiver>
125
126        <meta-data
126-->[:react-native-firebase_messaging] AndroidManifest.xml:32:9-34:36
127            android:name="firebase_messaging_auto_init_enabled"
127-->[:react-native-firebase_messaging] AndroidManifest.xml:33:13-64
128            android:value="true" />
128-->[:react-native-firebase_messaging] AndroidManifest.xml:34:13-33
129        <meta-data
129-->[:react-native-firebase_messaging] AndroidManifest.xml:35:9-37:32
130            android:name="com.google.firebase.messaging.default_notification_channel_id"
130-->[:react-native-firebase_messaging] AndroidManifest.xml:36:13-89
131            android:value="" />
131-->[:react-native-firebase_messaging] AndroidManifest.xml:37:13-29
132        <meta-data
132-->[:react-native-firebase_messaging] AndroidManifest.xml:38:9-40:47
133            android:name="com.google.firebase.messaging.default_notification_color"
133-->[:react-native-firebase_messaging] AndroidManifest.xml:39:13-84
134            android:resource="@color/white" />
134-->[:react-native-firebase_messaging] AndroidManifest.xml:40:13-44
135        <meta-data
135-->[:react-native-firebase_app] AndroidManifest.xml:9:9-11:36
136            android:name="app_data_collection_default_enabled"
136-->[:react-native-firebase_app] AndroidManifest.xml:10:13-63
137            android:value="true" />
137-->[:react-native-firebase_app] AndroidManifest.xml:11:13-33
138
139        <service
139-->[:react-native-firebase_app] AndroidManifest.xml:13:9-21:19
140            android:name="com.google.firebase.components.ComponentDiscoveryService"
140-->[:react-native-firebase_app] AndroidManifest.xml:14:13-84
141            android:directBootAware="true"
141-->[:react-native-firebase_app] AndroidManifest.xml:15:13-43
142            android:exported="false" >
142-->[:react-native-firebase_app] AndroidManifest.xml:16:13-37
143            <meta-data
143-->[:react-native-firebase_app] AndroidManifest.xml:18:13-20:85
144                android:name="com.google.firebase.components:io.invertase.firebase.app.ReactNativeFirebaseAppRegistrar"
144-->[:react-native-firebase_app] AndroidManifest.xml:19:17-120
145                android:value="com.google.firebase.components.ComponentRegistrar" />
145-->[:react-native-firebase_app] AndroidManifest.xml:20:17-82
146            <meta-data
146-->[com.google.firebase:firebase-messaging:24.0.1] AndroidManifest.xml:57:13-59:85
147                android:name="com.google.firebase.components:com.google.firebase.messaging.FirebaseMessagingKtxRegistrar"
147-->[com.google.firebase:firebase-messaging:24.0.1] AndroidManifest.xml:58:17-122
148                android:value="com.google.firebase.components.ComponentRegistrar" />
148-->[com.google.firebase:firebase-messaging:24.0.1] AndroidManifest.xml:59:17-82
149            <meta-data
149-->[com.google.firebase:firebase-messaging:24.0.1] AndroidManifest.xml:60:13-62:85
150                android:name="com.google.firebase.components:com.google.firebase.messaging.FirebaseMessagingRegistrar"
150-->[com.google.firebase:firebase-messaging:24.0.1] AndroidManifest.xml:61:17-119
151                android:value="com.google.firebase.components.ComponentRegistrar" />
151-->[com.google.firebase:firebase-messaging:24.0.1] AndroidManifest.xml:62:17-82
152            <meta-data
152-->[com.google.firebase:firebase-installations:18.0.0] AndroidManifest.xml:15:13-17:85
153                android:name="com.google.firebase.components:com.google.firebase.installations.FirebaseInstallationsKtxRegistrar"
153-->[com.google.firebase:firebase-installations:18.0.0] AndroidManifest.xml:16:17-130
154                android:value="com.google.firebase.components.ComponentRegistrar" />
154-->[com.google.firebase:firebase-installations:18.0.0] AndroidManifest.xml:17:17-82
155            <meta-data
155-->[com.google.firebase:firebase-installations:18.0.0] AndroidManifest.xml:18:13-20:85
156                android:name="com.google.firebase.components:com.google.firebase.installations.FirebaseInstallationsRegistrar"
156-->[com.google.firebase:firebase-installations:18.0.0] AndroidManifest.xml:19:17-127
157                android:value="com.google.firebase.components.ComponentRegistrar" />
157-->[com.google.firebase:firebase-installations:18.0.0] AndroidManifest.xml:20:17-82
158            <meta-data
158-->[com.google.firebase:firebase-common-ktx:21.0.0] AndroidManifest.xml:12:13-14:85
159                android:name="com.google.firebase.components:com.google.firebase.ktx.FirebaseCommonLegacyRegistrar"
159-->[com.google.firebase:firebase-common-ktx:21.0.0] AndroidManifest.xml:13:17-116
160                android:value="com.google.firebase.components.ComponentRegistrar" />
160-->[com.google.firebase:firebase-common-ktx:21.0.0] AndroidManifest.xml:14:17-82
161            <meta-data
161-->[com.google.firebase:firebase-common:21.0.0] AndroidManifest.xml:35:13-37:85
162                android:name="com.google.firebase.components:com.google.firebase.FirebaseCommonKtxRegistrar"
162-->[com.google.firebase:firebase-common:21.0.0] AndroidManifest.xml:36:17-109
163                android:value="com.google.firebase.components.ComponentRegistrar" />
163-->[com.google.firebase:firebase-common:21.0.0] AndroidManifest.xml:37:17-82
164            <meta-data
164-->[com.google.firebase:firebase-datatransport:18.2.0] AndroidManifest.xml:25:13-27:85
165                android:name="com.google.firebase.components:com.google.firebase.datatransport.TransportRegistrar"
165-->[com.google.firebase:firebase-datatransport:18.2.0] AndroidManifest.xml:26:17-115
166                android:value="com.google.firebase.components.ComponentRegistrar" />
166-->[com.google.firebase:firebase-datatransport:18.2.0] AndroidManifest.xml:27:17-82
167        </service>
168
169        <provider
169-->[:react-native-firebase_app] AndroidManifest.xml:23:9-27:38
170            android:name="io.invertase.firebase.app.ReactNativeFirebaseAppInitProvider"
170-->[:react-native-firebase_app] AndroidManifest.xml:24:13-88
171            android:authorities="com.nuvoco.vriddhi.reactnativefirebaseappinitprovider"
171-->[:react-native-firebase_app] AndroidManifest.xml:25:13-86
172            android:exported="false"
172-->[:react-native-firebase_app] AndroidManifest.xml:26:13-37
173            android:initOrder="99" />
173-->[:react-native-firebase_app] AndroidManifest.xml:27:13-35
174        <provider
174-->[:react-native-blob-util] AndroidManifest.xml:35:9-43:20
175            android:name="com.ReactNativeBlobUtil.Utils.FileProvider"
175-->[:react-native-blob-util] AndroidManifest.xml:36:13-70
176            android:authorities="com.nuvoco.vriddhi.provider"
176-->[:react-native-blob-util] AndroidManifest.xml:37:13-60
177            android:exported="false"
177-->[:react-native-blob-util] AndroidManifest.xml:38:13-37
178            android:grantUriPermissions="true" >
178-->[:react-native-blob-util] AndroidManifest.xml:39:13-47
179            <meta-data
179-->[:react-native-blob-util] AndroidManifest.xml:40:13-42:58
180                android:name="android.support.FILE_PROVIDER_PATHS"
180-->[:react-native-blob-util] AndroidManifest.xml:41:17-67
181                android:resource="@xml/provider_paths" />
181-->[:react-native-blob-util] AndroidManifest.xml:42:17-55
182        </provider>
183        <provider
183-->[:react-native-image-picker] AndroidManifest.xml:8:9-16:20
184            android:name="com.imagepicker.ImagePickerProvider"
184-->[:react-native-image-picker] AndroidManifest.xml:9:13-63
185            android:authorities="com.nuvoco.vriddhi.imagepickerprovider"
185-->[:react-native-image-picker] AndroidManifest.xml:10:13-71
186            android:exported="false"
186-->[:react-native-image-picker] AndroidManifest.xml:11:13-37
187            android:grantUriPermissions="true" >
187-->[:react-native-image-picker] AndroidManifest.xml:12:13-47
188            <meta-data
188-->[:react-native-blob-util] AndroidManifest.xml:40:13-42:58
189                android:name="android.support.FILE_PROVIDER_PATHS"
189-->[:react-native-blob-util] AndroidManifest.xml:41:17-67
190                android:resource="@xml/imagepicker_provider_paths" />
190-->[:react-native-blob-util] AndroidManifest.xml:42:17-55
191        </provider>
192        <provider
192-->[:react-native-webview] AndroidManifest.xml:8:9-16:20
193            android:name="com.reactnativecommunity.webview.RNCWebViewFileProvider"
193-->[:react-native-webview] AndroidManifest.xml:9:13-83
194            android:authorities="com.nuvoco.vriddhi.fileprovider"
194-->[:react-native-webview] AndroidManifest.xml:10:13-64
195            android:exported="false"
195-->[:react-native-webview] AndroidManifest.xml:11:13-37
196            android:grantUriPermissions="true" >
196-->[:react-native-webview] AndroidManifest.xml:12:13-47
197            <meta-data
197-->[:react-native-blob-util] AndroidManifest.xml:40:13-42:58
198                android:name="android.support.FILE_PROVIDER_PATHS"
198-->[:react-native-blob-util] AndroidManifest.xml:41:17-67
199                android:resource="@xml/file_provider_paths" />
199-->[:react-native-blob-util] AndroidManifest.xml:42:17-55
200        </provider>
201
202        <activity
202-->[com.google.android.gms:play-services-auth:21.2.0] AndroidManifest.xml:23:9-27:75
203            android:name="com.google.android.gms.auth.api.signin.internal.SignInHubActivity"
203-->[com.google.android.gms:play-services-auth:21.2.0] AndroidManifest.xml:24:13-93
204            android:excludeFromRecents="true"
204-->[com.google.android.gms:play-services-auth:21.2.0] AndroidManifest.xml:25:13-46
205            android:exported="false"
205-->[com.google.android.gms:play-services-auth:21.2.0] AndroidManifest.xml:26:13-37
206            android:theme="@android:style/Theme.Translucent.NoTitleBar" />
206-->[com.google.android.gms:play-services-auth:21.2.0] AndroidManifest.xml:27:13-72
207        <!--
208            Service handling Google Sign-In user revocation. For apps that do not integrate with
209            Google Sign-In, this service will never be started.
210        -->
211        <service
211-->[com.google.android.gms:play-services-auth:21.2.0] AndroidManifest.xml:33:9-37:51
212            android:name="com.google.android.gms.auth.api.signin.RevocationBoundService"
212-->[com.google.android.gms:play-services-auth:21.2.0] AndroidManifest.xml:34:13-89
213            android:exported="true"
213-->[com.google.android.gms:play-services-auth:21.2.0] AndroidManifest.xml:35:13-36
214            android:permission="com.google.android.gms.auth.api.signin.permission.REVOCATION_NOTIFICATION"
214-->[com.google.android.gms:play-services-auth:21.2.0] AndroidManifest.xml:36:13-107
215            android:visibleToInstantApps="true" />
215-->[com.google.android.gms:play-services-auth:21.2.0] AndroidManifest.xml:37:13-48
216
217        <receiver
217-->[com.google.firebase:firebase-messaging:24.0.1] AndroidManifest.xml:29:9-40:20
218            android:name="com.google.firebase.iid.FirebaseInstanceIdReceiver"
218-->[com.google.firebase:firebase-messaging:24.0.1] AndroidManifest.xml:30:13-78
219            android:exported="true"
219-->[com.google.firebase:firebase-messaging:24.0.1] AndroidManifest.xml:31:13-36
220            android:permission="com.google.android.c2dm.permission.SEND" >
220-->[com.google.firebase:firebase-messaging:24.0.1] AndroidManifest.xml:32:13-73
221            <intent-filter>
221-->[:react-native-firebase_messaging] AndroidManifest.xml:27:13-29:29
222                <action android:name="com.google.android.c2dm.intent.RECEIVE" />
222-->[:react-native-firebase_messaging] AndroidManifest.xml:28:17-81
222-->[:react-native-firebase_messaging] AndroidManifest.xml:28:25-78
223            </intent-filter>
224
225            <meta-data
225-->[com.google.firebase:firebase-messaging:24.0.1] AndroidManifest.xml:37:13-39:40
226                android:name="com.google.android.gms.cloudmessaging.FINISHED_AFTER_HANDLED"
226-->[com.google.firebase:firebase-messaging:24.0.1] AndroidManifest.xml:38:17-92
227                android:value="true" />
227-->[com.google.firebase:firebase-messaging:24.0.1] AndroidManifest.xml:39:17-37
228        </receiver>
229        <!--
230             FirebaseMessagingService performs security checks at runtime,
231             but set to not exported to explicitly avoid allowing another app to call it.
232        -->
233        <service
233-->[com.google.firebase:firebase-messaging:24.0.1] AndroidManifest.xml:46:9-53:19
234            android:name="com.google.firebase.messaging.FirebaseMessagingService"
234-->[com.google.firebase:firebase-messaging:24.0.1] AndroidManifest.xml:47:13-82
235            android:directBootAware="true"
235-->[com.google.firebase:firebase-messaging:24.0.1] AndroidManifest.xml:48:13-43
236            android:exported="false" >
236-->[com.google.firebase:firebase-messaging:24.0.1] AndroidManifest.xml:49:13-37
237            <intent-filter android:priority="-500" >
237-->src/main/AndroidManifest.xml:53:13-55:29
238                <action android:name="com.google.firebase.MESSAGING_EVENT" />
238-->src/main/AndroidManifest.xml:54:17-78
238-->src/main/AndroidManifest.xml:54:25-75
239            </intent-filter>
240        </service>
241
242        <activity
242-->[com.google.android.gms:play-services-base:18.3.0] AndroidManifest.xml:20:9-22:45
243            android:name="com.google.android.gms.common.api.GoogleApiActivity"
243-->[com.google.android.gms:play-services-base:18.3.0] AndroidManifest.xml:20:19-85
244            android:exported="false"
244-->[com.google.android.gms:play-services-base:18.3.0] AndroidManifest.xml:22:19-43
245            android:theme="@android:style/Theme.Translucent.NoTitleBar" />
245-->[com.google.android.gms:play-services-base:18.3.0] AndroidManifest.xml:21:19-78
246
247        <provider
247-->[com.google.firebase:firebase-common:21.0.0] AndroidManifest.xml:23:9-28:39
248            android:name="com.google.firebase.provider.FirebaseInitProvider"
248-->[com.google.firebase:firebase-common:21.0.0] AndroidManifest.xml:24:13-77
249            android:authorities="com.nuvoco.vriddhi.firebaseinitprovider"
249-->[com.google.firebase:firebase-common:21.0.0] AndroidManifest.xml:25:13-72
250            android:directBootAware="true"
250-->[com.google.firebase:firebase-common:21.0.0] AndroidManifest.xml:26:13-43
251            android:exported="false"
251-->[com.google.firebase:firebase-common:21.0.0] AndroidManifest.xml:27:13-37
252            android:initOrder="100" />
252-->[com.google.firebase:firebase-common:21.0.0] AndroidManifest.xml:28:13-36
253        <provider
253-->[androidx.emoji2:emoji2:1.2.0] AndroidManifest.xml:24:9-32:20
254            android:name="androidx.startup.InitializationProvider"
254-->[androidx.emoji2:emoji2:1.2.0] AndroidManifest.xml:25:13-67
255            android:authorities="com.nuvoco.vriddhi.androidx-startup"
255-->[androidx.emoji2:emoji2:1.2.0] AndroidManifest.xml:26:13-68
256            android:exported="false" >
256-->[androidx.emoji2:emoji2:1.2.0] AndroidManifest.xml:27:13-37
257            <meta-data